Using pre-set license
Built from '2020.3/staging' branch; Version is '2020.3.6f1 (338bb68529b2) revision 3378102'; Using compiler version '192528614'; Build Type 'Release'
OS: 'Windows 10 Pro; OS build 19042.985; Version 2009; 64bit' Language: 'en' Physical Memory: 8126 MB
BatchMode: 1, IsHumanControllingUs: 0, StartBugReporterOnCrash: 0, Is64bit: 1, IsPro: 0

 COMMAND LINE ARGUMENTS:
C:\Program Files\Unity\Hub\Editor\2020.3.6f1\Editor\Unity.exe
-adb2
-batchMode
-noUpm
-name
AssetImportWorker0
-projectPath
C:/Users/coolg/Unity Projects/rotk
-logFile
Logs/AssetImportWorker0.log
-srvPort
64347
Successfully changed project path to: C:/Users/coolg/Unity Projects/rotk
C:/Users/coolg/Unity Projects/rotk
Using Asset Import Pipeline V2.
Refreshing native plugins compatible for Editor in 143.89 ms, found 3 plugins.
Preloading 0 native plugins for Editor in 0.00 ms.
Initialize engine version: 2020.3.6f1 (338bb68529b2)
[Subsystems] Discovering subsystems at path C:/Program Files/Unity/Hub/Editor/2020.3.6f1/Editor/Data/Resources/UnitySubsystems
[Subsystems] Discovering subsystems at path C:/Users/coolg/Unity Projects/rotk/Assets
GfxDevice: creating device client; threaded=0
Direct3D:
    Version:  Direct3D 11.0 [level 11.0]
    Renderer: NVIDIA GeForce GTX 750 (ID=0x1381)
    Vendor:   
    VRAM:     2007 MB
    Driver:   27.21.14.6627
Shader 'Universal Render Pipeline/Particles/Lit': fallback shader 'Universal Render Pipeline/Particles/SimpleLit' not found
Initialize mono
Mono path[0] = 'C:/Program Files/Unity/Hub/Editor/2020.3.6f1/Editor/Data/Managed'
Mono path[1] = 'C:/Program Files/Unity/Hub/Editor/2020.3.6f1/Editor/Data/MonoBleedingEdge/lib/mono/unityjit'
Mono config path = 'C:/Program Files/Unity/Hub/Editor/2020.3.6f1/Editor/Data/MonoBleedingEdge/etc'
Using monoOptions --debugger-agent=transport=dt_socket,embedding=1,server=y,suspend=n,address=127.0.0.1:56248
Begin MonoManager ReloadAssembly
Registering precompiled unity dll's ...
Register platform support module: C:/Program Files/Unity/Hub/Editor/2020.3.6f1/Editor/Data/PlaybackEngines/WebGLSupport/UnityEditor.WebGL.Extensions.dll
Register platform support module: C:/Program Files/Unity/Hub/Editor/2020.3.6f1/Editor/Data/PlaybackEngines/WindowsStandaloneSupport/UnityEditor.WindowsStandalone.Extensions.dll
Registered in 0.013461 seconds.
Native extension for WindowsStandalone target not found
Native extension for WebGL target not found
Refreshing native plugins compatible for Editor in 125.06 ms, found 3 plugins.
Preloading 0 native plugins for Editor in 0.00 ms.
Mono: successfully reloaded assembly
- Completed reload, in  5.701 seconds
Platform modules already initialized, skipping
Registering precompiled user dll's ...
Registered in 0.011489 seconds.
Begin MonoManager ReloadAssembly
Native extension for WindowsStandalone target not found
Native extension for WebGL target not found
Refreshing native plugins compatible for Editor in 139.31 ms, found 3 plugins.
Preloading 0 native plugins for Editor in 0.00 ms.
Mono: successfully reloaded assembly
- Completed reload, in  2.464 seconds
Platform modules already initialized, skipping
========================================================================
Worker process is ready to serve import requests
Shader 'Universal Render Pipeline/Particles/Lit': fallback shader 'Universal Render Pipeline/Particles/SimpleLit' not found
Launched and connected shader compiler UnityShaderCompiler.exe after 0.13 seconds
Refreshing native plugins compatible for Editor in 1.62 ms, found 3 plugins.
Preloading 0 native plugins for Editor in 0.00 ms.
Unloading 3257 Unused Serialized files (Serialized files now loaded: 0)
System memory in use before: 146.0 MB.
System memory in use after: 146.2 MB.

Unloading 29 unused Assets to reduce memory usage. Loaded Objects now: 3696.
Total: 6.390000 ms (FindLiveObjects: 0.569200 ms CreateObjectMapping: 0.295700 ms MarkObjects: 5.378900 ms  DeleteObjects: 0.143800 ms)

========================================================================
Received Import Request.
  path: Assets/Plugins/Discord/x86_64/discord_game_sdk.dll
  artifactKey: Guid(2acfb336fa3d77b439503fa9930321e0) Importer(815301076,1909f56bfc062723c751e8b465ee728b)
Start importing Assets/Plugins/Discord/x86_64/discord_game_sdk.dll using Guid(2acfb336fa3d77b439503fa9930321e0) Importer(815301076,1909f56bfc062723c751e8b465ee728b)  -> (artifact id: '1b9a0c13a4d13498f424f7c0d8a411de') in 0.083737 seconds
  Import took 0.095058 seconds .

========================================================================
Received Import Request.
  Time since last request: 0.113023 seconds.
  path: Assets/Plugins/Discord/x86_64/discord_game_sdk.dll
  artifactKey: Guid(2acfb336fa3d77b439503fa9930321e0) Importer(815301076,1909f56bfc062723c751e8b465ee728b)
Start importing Assets/Plugins/Discord/x86_64/discord_game_sdk.dll using Guid(2acfb336fa3d77b439503fa9930321e0) Importer(815301076,1909f56bfc062723c751e8b465ee728b)  -> (artifact id: '1b9a0c13a4d13498f424f7c0d8a411de') in 0.007878 seconds
  Import took 0.016116 seconds .

========================================================================
Received Prepare
Registering precompiled user dll's ...
Registered in 0.008126 seconds.
Begin MonoManager ReloadAssembly
Native extension for WindowsStandalone target not found
Native extension for WebGL target not found
Refreshing native plugins compatible for Editor in 1.07 ms, found 3 plugins.
Preloading 0 native plugins for Editor in 0.00 ms.
Mono: successfully reloaded assembly
- Completed reload, in  2.414 seconds
Platform modules already initialized, skipping
Shader 'Universal Render Pipeline/Particles/Lit': fallback shader 'Universal Render Pipeline/Particles/SimpleLit' not found
Refreshing native plugins compatible for Editor in 6.70 ms, found 3 plugins.
Preloading 0 native plugins for Editor in 0.00 ms.
Unloading 3123 Unused Serialized files (Serialized files now loaded: 0)
System memory in use before: 136.9 MB.
System memory in use after: 137.2 MB.

Unloading 19 unused Assets to reduce memory usage. Loaded Objects now: 3699.
Total: 4.511500 ms (FindLiveObjects: 0.470500 ms CreateObjectMapping: 0.206600 ms MarkObjects: 3.802700 ms  DeleteObjects: 0.029500 ms)

========================================================================
Received Import Request.
  Time since last request: 77.109387 seconds.
  path: Assets/Plugins/Discord/x86/discord_game_sdk.dll
  artifactKey: Guid(89dc0e23682357e4ea4825d0f3476974) Importer(815301076,1909f56bfc062723c751e8b465ee728b)
Start importing Assets/Plugins/Discord/x86/discord_game_sdk.dll using Guid(89dc0e23682357e4ea4825d0f3476974) Importer(815301076,1909f56bfc062723c751e8b465ee728b)  -> (artifact id: 'e794c8d337774155440cd7d5a478af1d') in 0.013476 seconds
  Import took 0.024397 seconds .

========================================================================
Received Prepare
Registering precompiled user dll's ...
Registered in 0.013583 seconds.
Begin MonoManager ReloadAssembly
Native extension for WindowsStandalone target not found
Native extension for WebGL target not found
Refreshing native plugins compatible for Editor in 1.54 ms, found 3 plugins.
Preloading 0 native plugins for Editor in 0.00 ms.
Mono: successfully reloaded assembly
- Completed reload, in  2.127 seconds
Platform modules already initialized, skipping
Shader 'Universal Render Pipeline/Particles/Lit': fallback shader 'Universal Render Pipeline/Particles/SimpleLit' not found
Refreshing native plugins compatible for Editor in 0.98 ms, found 3 plugins.
Preloading 0 native plugins for Editor in 0.00 ms.
Unloading 3119 Unused Serialized files (Serialized files now loaded: 0)
System memory in use before: 136.9 MB.
System memory in use after: 137.1 MB.

Unloading 15 unused Assets to reduce memory usage. Loaded Objects now: 3702.
Total: 4.258600 ms (FindLiveObjects: 0.413000 ms CreateObjectMapping: 0.201800 ms MarkObjects: 3.612600 ms  DeleteObjects: 0.029500 ms)

========================================================================
Received Prepare
Registering precompiled user dll's ...
Registered in 0.006670 seconds.
Begin MonoManager ReloadAssembly
Native extension for WindowsStandalone target not found
Native extension for WebGL target not found
Refreshing native plugins compatible for Editor in 0.98 ms, found 3 plugins.
Preloading 0 native plugins for Editor in 0.00 ms.
Mono: successfully reloaded assembly
- Completed reload, in  1.930 seconds
Platform modules already initialized, skipping
Shader 'Universal Render Pipeline/Particles/Lit': fallback shader 'Universal Render Pipeline/Particles/SimpleLit' not found
Refreshing native plugins compatible for Editor in 1.00 ms, found 3 plugins.
Preloading 0 native plugins for Editor in 0.00 ms.
Unloading 3119 Unused Serialized files (Serialized files now loaded: 0)
System memory in use before: 136.9 MB.
System memory in use after: 137.2 MB.

Unloading 15 unused Assets to reduce memory usage. Loaded Objects now: 3705.
Total: 4.473500 ms (FindLiveObjects: 0.458300 ms CreateObjectMapping: 0.202000 ms MarkObjects: 3.775800 ms  DeleteObjects: 0.034600 ms)

========================================================================
Received Import Request.
  Time since last request: 567.638865 seconds.
  path: Assets/Plugins/Discord/x86/discord_game_sdk.dll
  artifactKey: Guid(89dc0e23682357e4ea4825d0f3476974) Importer(815301076,1909f56bfc062723c751e8b465ee728b)
Start importing Assets/Plugins/Discord/x86/discord_game_sdk.dll using Guid(89dc0e23682357e4ea4825d0f3476974) Importer(815301076,1909f56bfc062723c751e8b465ee728b)  -> (artifact id: '7e639f227c110b4b2625e720546be28f') in 0.014071 seconds
  Import took 0.023226 seconds .

========================================================================
Received Import Request.
  Time since last request: 0.000849 seconds.
  path: Assets/Plugins/Discord/x86/discord_game_sdk.dll
  artifactKey: Guid(89dc0e23682357e4ea4825d0f3476974) Importer(815301076,1909f56bfc062723c751e8b465ee728b)
Start importing Assets/Plugins/Discord/x86/discord_game_sdk.dll using Guid(89dc0e23682357e4ea4825d0f3476974) Importer(815301076,1909f56bfc062723c751e8b465ee728b)  -> (artifact id: '7e639f227c110b4b2625e720546be28f') in 0.007809 seconds
  Import took 0.017573 seconds .

========================================================================
Received Import Request.
  Time since last request: 11.399194 seconds.
  path: Assets/Plugins/Discord/x86/discord_game_sdk.dll
  artifactKey: Guid(89dc0e23682357e4ea4825d0f3476974) Importer(815301076,1909f56bfc062723c751e8b465ee728b)
Start importing Assets/Plugins/Discord/x86/discord_game_sdk.dll using Guid(89dc0e23682357e4ea4825d0f3476974) Importer(815301076,1909f56bfc062723c751e8b465ee728b)  -> (artifact id: '69b1deb31ddbbd64e72ade9333740abe') in 0.008447 seconds
  Import took 0.016959 seconds .

========================================================================
Received Import Request.
  Time since last request: 25.762790 seconds.
  path: Assets/Plugins/Discord/x86/discord_game_sdk.dll
  artifactKey: Guid(89dc0e23682357e4ea4825d0f3476974) Importer(815301076,1909f56bfc062723c751e8b465ee728b)
Start importing Assets/Plugins/Discord/x86/discord_game_sdk.dll using Guid(89dc0e23682357e4ea4825d0f3476974) Importer(815301076,1909f56bfc062723c751e8b465ee728b)  -> (artifact id: '589e7c4cd15532ac3acdabe651c65a4c') in 0.007877 seconds
  Import took 0.016226 seconds .

========================================================================
Received Import Request.
  Time since last request: 56.667140 seconds.
  path: Assets/Plugins/Discord/x86_64/discord_game_sdk.dll
  artifactKey: Guid(9bf299f4acb9fc74c86a6f2b03686181) Importer(815301076,1909f56bfc062723c751e8b465ee728b)
Start importing Assets/Plugins/Discord/x86_64/discord_game_sdk.dll using Guid(9bf299f4acb9fc74c86a6f2b03686181) Importer(815301076,1909f56bfc062723c751e8b465ee728b)  -> (artifact id: 'f3377f618c8468fe493cf4e565023966') in 0.009219 seconds
  Import took 0.017690 seconds .

========================================================================
Received Import Request.
  Time since last request: 10.621570 seconds.
  path: Assets/Plugins/Discord/x86_64/discord_game_sdk.dll
  artifactKey: Guid(9bf299f4acb9fc74c86a6f2b03686181) Importer(815301076,1909f56bfc062723c751e8b465ee728b)
Start importing Assets/Plugins/Discord/x86_64/discord_game_sdk.dll using Guid(9bf299f4acb9fc74c86a6f2b03686181) Importer(815301076,1909f56bfc062723c751e8b465ee728b)  -> (artifact id: 'fe01571fa5aea0ff8eabbadd38f381f3') in 0.009801 seconds
  Import took 0.018134 seconds .

========================================================================
Received Import Request.
  Time since last request: 14.901869 seconds.
  path: Assets/Plugins/Discord/x86_64/discord_game_sdk.dll
  artifactKey: Guid(9bf299f4acb9fc74c86a6f2b03686181) Importer(815301076,1909f56bfc062723c751e8b465ee728b)
Start importing Assets/Plugins/Discord/x86_64/discord_game_sdk.dll using Guid(9bf299f4acb9fc74c86a6f2b03686181) Importer(815301076,1909f56bfc062723c751e8b465ee728b)  -> (artifact id: '6e0359060c3318485e5bc5c594dc081c') in 0.008566 seconds
  Import took 0.019377 seconds .

========================================================================
Received Prepare
Registering precompiled user dll's ...
Registered in 0.007718 seconds.
Begin MonoManager ReloadAssembly
Native extension for WindowsStandalone target not found
Native extension for WebGL target not found
Refreshing native plugins compatible for Editor in 1.01 ms, found 4 plugins.
Preloading 1 native plugins for Editor in 4.91 ms.
Mono: successfully reloaded assembly
- Completed reload, in  1.940 seconds
Platform modules already initialized, skipping
Shader 'Universal Render Pipeline/Particles/Lit': fallback shader 'Universal Render Pipeline/Particles/SimpleLit' not found
Refreshing native plugins compatible for Editor in 1.00 ms, found 4 plugins.
Preloading 1 native plugins for Editor in 0.16 ms.
Unloading 3120 Unused Serialized files (Serialized files now loaded: 0)
System memory in use before: 137.0 MB.
System memory in use after: 137.2 MB.

Unloading 16 unused Assets to reduce memory usage. Loaded Objects now: 3708.
Total: 4.345800 ms (FindLiveObjects: 0.451000 ms CreateObjectMapping: 0.211300 ms MarkObjects: 3.648000 ms  DeleteObjects: 0.033300 ms)

AssetImportWorkerClient::OnTransportError - code=2 error=End of file
