Using pre-set license
Built from '2020.3/staging' branch; Version is '2020.3.6f1 (338bb68529b2) revision 3378102'; Using compiler version '192528614'; Build Type 'Release'
OS: 'Windows 10 Pro; OS build 19043.1052; Version 2009; 64bit' Language: 'en' Physical Memory: 8126 MB
BatchMode: 1, IsHumanControllingUs: 0, StartBugReporterOnCrash: 0, Is64bit: 1, IsPro: 0

 COMMAND LINE ARGUMENTS:
C:\Program Files\Unity\Hub\Editor\2020.3.6f1\Editor\Unity.exe
-adb2
-batchMode
-noUpm
-name
AssetImportWorker0
-projectPath
C:/Users/coolg/Unity Projects/rotk
-logFile
Logs/AssetImportWorker0.log
-srvPort
55245
Successfully changed project path to: C:/Users/coolg/Unity Projects/rotk
C:/Users/coolg/Unity Projects/rotk
Using Asset Import Pipeline V2.
Refreshing native plugins compatible for Editor in 132.64 ms, found 4 plugins.
Preloading 1 native plugins for Editor in 4.42 ms.
Initialize engine version: 2020.3.6f1 (338bb68529b2)
[Subsystems] Discovering subsystems at path C:/Program Files/Unity/Hub/Editor/2020.3.6f1/Editor/Data/Resources/UnitySubsystems
[Subsystems] Discovering subsystems at path C:/Users/coolg/Unity Projects/rotk/Assets
GfxDevice: creating device client; threaded=0
Direct3D:
    Version:  Direct3D 11.0 [level 11.0]
    Renderer: NVIDIA GeForce GTX 750 (ID=0x1381)
    Vendor:   
    VRAM:     2007 MB
    Driver:   27.21.14.6647
Shader 'Universal Render Pipeline/Particles/Lit': fallback shader 'Universal Render Pipeline/Particles/SimpleLit' not found
Initialize mono
Mono path[0] = 'C:/Program Files/Unity/Hub/Editor/2020.3.6f1/Editor/Data/Managed'
Mono path[1] = 'C:/Program Files/Unity/Hub/Editor/2020.3.6f1/Editor/Data/MonoBleedingEdge/lib/mono/unityjit'
Mono config path = 'C:/Program Files/Unity/Hub/Editor/2020.3.6f1/Editor/Data/MonoBleedingEdge/etc'
Using monoOptions --debugger-agent=transport=dt_socket,embedding=1,server=y,suspend=n,address=127.0.0.1:56788
Begin MonoManager ReloadAssembly
Registering precompiled unity dll's ...
Register platform support module: C:/Program Files/Unity/Hub/Editor/2020.3.6f1/Editor/Data/PlaybackEngines/WebGLSupport/UnityEditor.WebGL.Extensions.dll
Register platform support module: C:/Program Files/Unity/Hub/Editor/2020.3.6f1/Editor/Data/PlaybackEngines/WindowsStandaloneSupport/UnityEditor.WindowsStandalone.Extensions.dll
Registered in 0.010344 seconds.
Native extension for WindowsStandalone target not found
Native extension for WebGL target not found
Refreshing native plugins compatible for Editor in 127.81 ms, found 4 plugins.
Preloading 1 native plugins for Editor in 0.15 ms.
Mono: successfully reloaded assembly
- Completed reload, in  4.235 seconds
Platform modules already initialized, skipping
Registering precompiled user dll's ...
Registered in 0.015267 seconds.
Begin MonoManager ReloadAssembly
Native extension for WindowsStandalone target not found
Native extension for WebGL target not found
Refreshing native plugins compatible for Editor in 128.50 ms, found 4 plugins.
Preloading 1 native plugins for Editor in 0.19 ms.
Mono: successfully reloaded assembly
- Completed reload, in  2.330 seconds
Platform modules already initialized, skipping
========================================================================
Worker process is ready to serve import requests
Shader 'Universal Render Pipeline/Particles/Lit': fallback shader 'Universal Render Pipeline/Particles/SimpleLit' not found
Launched and connected shader compiler UnityShaderCompiler.exe after 0.10 seconds
Refreshing native plugins compatible for Editor in 0.98 ms, found 4 plugins.
Preloading 1 native plugins for Editor in 0.14 ms.
Unloading 3266 Unused Serialized files (Serialized files now loaded: 0)
System memory in use before: 146.5 MB.
System memory in use after: 146.7 MB.

Unloading 26 unused Assets to reduce memory usage. Loaded Objects now: 3708.
Total: 4.360500 ms (FindLiveObjects: 0.466700 ms CreateObjectMapping: 0.206400 ms MarkObjects: 3.571800 ms  DeleteObjects: 0.113100 ms)

========================================================================
Received Import Request.
  path: Assets/WebGLTemplates/Better2020/logo.png
  artifactKey: Guid(f830e170412fc8a46a0bc72ecad57f1a) Importer(815301076,1909f56bfc062723c751e8b465ee728b)
Start importing Assets/WebGLTemplates/Better2020/logo.png using Guid(f830e170412fc8a46a0bc72ecad57f1a) Importer(815301076,1909f56bfc062723c751e8b465ee728b)  -> (artifact id: 'c3dd615f38e3b95608b4fd0d44daff15') in 0.158430 seconds
  Import took 0.166801 seconds .

========================================================================
Received Import Request.
  Time since last request: 31.053937 seconds.
  path: Assets/WebGLTemplates/Better2020/icon.png
  artifactKey: Guid(dfd7929e93e27dc4d9f0c2b4aa67d289) Importer(815301076,1909f56bfc062723c751e8b465ee728b)
Start importing Assets/WebGLTemplates/Better2020/icon.png using Guid(dfd7929e93e27dc4d9f0c2b4aa67d289) Importer(815301076,1909f56bfc062723c751e8b465ee728b)  -> (artifact id: 'b94a6d29d0aefddbbe00a74648ab7bac') in 0.008156 seconds
  Import took 0.016519 seconds .

========================================================================
Received Import Request.
  Time since last request: 0.001279 seconds.
  path: Assets/WebGLTemplates/Better2020/icon.png
  artifactKey: Guid(dfd7929e93e27dc4d9f0c2b4aa67d289) Importer(815301076,1909f56bfc062723c751e8b465ee728b)
Start importing Assets/WebGLTemplates/Better2020/icon.png using Guid(dfd7929e93e27dc4d9f0c2b4aa67d289) Importer(815301076,1909f56bfc062723c751e8b465ee728b)  -> (artifact id: 'b94a6d29d0aefddbbe00a74648ab7bac') in 0.007668 seconds
  Import took 0.015731 seconds .

========================================================================
Received Import Request.
  Time since last request: 3.984651 seconds.
  path: Assets/WebGLTemplates/Better2020/logo.png
  artifactKey: Guid(dfd7929e93e27dc4d9f0c2b4aa67d289) Importer(815301076,1909f56bfc062723c751e8b465ee728b)
Start importing Assets/WebGLTemplates/Better2020/logo.png using Guid(dfd7929e93e27dc4d9f0c2b4aa67d289) Importer(815301076,1909f56bfc062723c751e8b465ee728b)  -> (artifact id: '35398633b7810432db96be8a5e0800fa') in 0.008166 seconds
  Import took 0.018656 seconds .

========================================================================
Received Prepare
Shader 'Universal Render Pipeline/Particles/Lit': fallback shader 'Universal Render Pipeline/Particles/SimpleLit' not found
Refreshing native plugins compatible for Editor in 11.86 ms, found 4 plugins.
Preloading 1 native plugins for Editor in 0.26 ms.
Unloading 13 Unused Serialized files (Serialized files now loaded: 0)
System memory in use before: 75.5 MB.
System memory in use after: 75.7 MB.

Unloading 12 unused Assets to reduce memory usage. Loaded Objects now: 3708.
Total: 5.486000 ms (FindLiveObjects: 0.771000 ms CreateObjectMapping: 0.237300 ms MarkObjects: 4.444900 ms  DeleteObjects: 0.030600 ms)

========================================================================
Received Prepare
Registering precompiled user dll's ...
Registered in 0.006822 seconds.
Begin MonoManager ReloadAssembly
Native extension for WindowsStandalone target not found
Native extension for WebGL target not found
Refreshing native plugins compatible for Editor in 1.02 ms, found 4 plugins.
Preloading 1 native plugins for Editor in 0.17 ms.
Mono: successfully reloaded assembly
- Completed reload, in  2.005 seconds
Platform modules already initialized, skipping
Shader 'Universal Render Pipeline/Particles/Lit': fallback shader 'Universal Render Pipeline/Particles/SimpleLit' not found
Refreshing native plugins compatible for Editor in 0.98 ms, found 4 plugins.
Preloading 1 native plugins for Editor in 0.15 ms.
Unloading 3132 Unused Serialized files (Serialized files now loaded: 0)
System memory in use before: 137.5 MB.
System memory in use after: 137.7 MB.

Unloading 16 unused Assets to reduce memory usage. Loaded Objects now: 3711.
Total: 5.669700 ms (FindLiveObjects: 0.437500 ms CreateObjectMapping: 0.205400 ms MarkObjects: 4.988200 ms  DeleteObjects: 0.036000 ms)

========================================================================
Received Prepare
Shader 'Universal Render Pipeline/Particles/Lit': fallback shader 'Universal Render Pipeline/Particles/SimpleLit' not found
Refreshing native plugins compatible for Editor in 10.85 ms, found 4 plugins.
Preloading 1 native plugins for Editor in 0.14 ms.
Unloading 13 Unused Serialized files (Serialized files now loaded: 0)
System memory in use before: 75.9 MB.
System memory in use after: 76.1 MB.

Unloading 12 unused Assets to reduce memory usage. Loaded Objects now: 3711.
Total: 3.848700 ms (FindLiveObjects: 0.429500 ms CreateObjectMapping: 0.197200 ms MarkObjects: 3.199200 ms  DeleteObjects: 0.021100 ms)

========================================================================
Received Import Request.
  Time since last request: 296.628278 seconds.
  path: Assets/PixelOperator-Bold.ttf
  artifactKey: Guid(e0b6d24fd6e2bf34b9e2894d8ccb67aa) Importer(815301076,1909f56bfc062723c751e8b465ee728b)
Start importing Assets/PixelOperator-Bold.ttf using Guid(e0b6d24fd6e2bf34b9e2894d8ccb67aa) Importer(815301076,1909f56bfc062723c751e8b465ee728b)  -> (artifact id: '3a9d8512c10925e4be8a8e19f03eb6f6') in 0.384970 seconds
  Import took 0.393706 seconds .

========================================================================
Received Import Request.
  Time since last request: 0.000390 seconds.
  path: Assets/PixelOperator.ttf
  artifactKey: Guid(6356453042578ff438f62ec73504eb55) Importer(815301076,1909f56bfc062723c751e8b465ee728b)
Start importing Assets/PixelOperator.ttf using Guid(6356453042578ff438f62ec73504eb55) Importer(815301076,1909f56bfc062723c751e8b465ee728b)  -> (artifact id: '873a70917bbcafc291fb8b1940055aa0') in 0.021037 seconds
  Import took 0.029631 seconds .

========================================================================
Received Prepare
Shader 'Universal Render Pipeline/Particles/Lit': fallback shader 'Universal Render Pipeline/Particles/SimpleLit' not found
Refreshing native plugins compatible for Editor in 11.36 ms, found 4 plugins.
Preloading 1 native plugins for Editor in 0.14 ms.
Unloading 13 Unused Serialized files (Serialized files now loaded: 0)
System memory in use before: 80.9 MB.
System memory in use after: 81.2 MB.

Unloading 12 unused Assets to reduce memory usage. Loaded Objects now: 3814.
Total: 5.084000 ms (FindLiveObjects: 0.418500 ms CreateObjectMapping: 0.199000 ms MarkObjects: 4.441200 ms  DeleteObjects: 0.023900 ms)

========================================================================
Received Prepare
Registering precompiled user dll's ...
Registered in 0.008490 seconds.
Begin MonoManager ReloadAssembly
Native extension for WindowsStandalone target not found
Native extension for WebGL target not found
Refreshing native plugins compatible for Editor in 1.02 ms, found 4 plugins.
Preloading 1 native plugins for Editor in 0.36 ms.
Mono: successfully reloaded assembly
- Completed reload, in  2.134 seconds
Platform modules already initialized, skipping
Switching build target platform(5) subTarget(0) extendedPlatform(0) -> platform(13) subTarget(537395200) extendedPlatform(0)
Shader 'Universal Render Pipeline/Particles/Lit': fallback shader 'Universal Render Pipeline/Particles/SimpleLit' not found
Refreshing native plugins compatible for Editor in 1.03 ms, found 4 plugins.
Preloading 1 native plugins for Editor in 0.22 ms.
Unloading 3136 Unused Serialized files (Serialized files now loaded: 0)
System memory in use before: 140.7 MB.
System memory in use after: 140.9 MB.

Unloading 16 unused Assets to reduce memory usage. Loaded Objects now: 3796.
Total: 4.090700 ms (FindLiveObjects: 0.439500 ms CreateObjectMapping: 0.204200 ms MarkObjects: 3.419000 ms  DeleteObjects: 0.025700 ms)

AssetImportParameters requested are different than current active one (requested -> active):
  custom:graphics/normal-map-encoding: 01000000000000000000000000000000 -> 02000000000000000000000000000000
========================================================================
Received Prepare
Shader 'Universal Render Pipeline/Particles/Lit': fallback shader 'Universal Render Pipeline/Particles/SimpleLit' not found
Refreshing native plugins compatible for Editor in 11.00 ms, found 4 plugins.
Preloading 1 native plugins for Editor in 0.15 ms.
Unloading 13 Unused Serialized files (Serialized files now loaded: 0)
System memory in use before: 79.7 MB.
System memory in use after: 80.0 MB.

Unloading 12 unused Assets to reduce memory usage. Loaded Objects now: 3796.
Total: 4.147100 ms (FindLiveObjects: 0.499300 ms CreateObjectMapping: 0.212400 ms MarkObjects: 3.409800 ms  DeleteObjects: 0.023800 ms)

========================================================================
Received Import Request.
  Time since last request: 299.904656 seconds.
  path: Assets/PixelOperator-Bold.ttf
  artifactKey: Guid(e0b6d24fd6e2bf34b9e2894d8ccb67aa) Importer(815301076,1909f56bfc062723c751e8b465ee728b)
Start importing Assets/PixelOperator-Bold.ttf using Guid(e0b6d24fd6e2bf34b9e2894d8ccb67aa) Importer(815301076,1909f56bfc062723c751e8b465ee728b)  -> (artifact id: '8573ba3b2028511d203445424eed7de0') in 0.283861 seconds
  Import took 0.293067 seconds .

========================================================================
Received Import Request.
  Time since last request: 0.000361 seconds.
  path: Assets/PixelOperator.ttf
  artifactKey: Guid(6356453042578ff438f62ec73504eb55) Importer(815301076,1909f56bfc062723c751e8b465ee728b)
Start importing Assets/PixelOperator.ttf using Guid(6356453042578ff438f62ec73504eb55) Importer(815301076,1909f56bfc062723c751e8b465ee728b)  -> (artifact id: '270e7d79ae1d2b590b76961451142314') in 0.023725 seconds
  Import took 0.031892 seconds .

========================================================================
Received Prepare
Shader 'Universal Render Pipeline/Particles/Lit': fallback shader 'Universal Render Pipeline/Particles/SimpleLit' not found
Refreshing native plugins compatible for Editor in 11.32 ms, found 4 plugins.
Preloading 1 native plugins for Editor in 0.14 ms.
Unloading 13 Unused Serialized files (Serialized files now loaded: 0)
System memory in use before: 79.9 MB.
System memory in use after: 80.2 MB.

Unloading 12 unused Assets to reduce memory usage. Loaded Objects now: 3854.
Total: 5.604100 ms (FindLiveObjects: 0.785000 ms CreateObjectMapping: 0.239300 ms MarkObjects: 4.553400 ms  DeleteObjects: 0.024300 ms)

========================================================================
Received Prepare
Registering precompiled user dll's ...
Registered in 0.006804 seconds.
Begin MonoManager ReloadAssembly
Native extension for WindowsStandalone target not found
Native extension for WebGL target not found
Refreshing native plugins compatible for Editor in 0.99 ms, found 4 plugins.
Preloading 1 native plugins for Editor in 0.17 ms.
Mono: successfully reloaded assembly
- Completed reload, in  2.044 seconds
Platform modules already initialized, skipping
Shader 'Universal Render Pipeline/Particles/Lit': fallback shader 'Universal Render Pipeline/Particles/SimpleLit' not found
Refreshing native plugins compatible for Editor in 0.96 ms, found 4 plugins.
Preloading 1 native plugins for Editor in 0.15 ms.
Unloading 3132 Unused Serialized files (Serialized files now loaded: 0)
System memory in use before: 141.4 MB.
System memory in use after: 141.6 MB.

Unloading 16 unused Assets to reduce memory usage. Loaded Objects now: 3836.
Total: 4.123200 ms (FindLiveObjects: 0.448900 ms CreateObjectMapping: 0.207400 ms MarkObjects: 3.440300 ms  DeleteObjects: 0.024800 ms)

========================================================================
Received Prepare
Shader 'Universal Render Pipeline/Particles/Lit': fallback shader 'Universal Render Pipeline/Particles/SimpleLit' not found
Refreshing native plugins compatible for Editor in 11.03 ms, found 4 plugins.
Preloading 1 native plugins for Editor in 0.18 ms.
Unloading 13 Unused Serialized files (Serialized files now loaded: 0)
System memory in use before: 79.8 MB.
System memory in use after: 80.0 MB.

Unloading 12 unused Assets to reduce memory usage. Loaded Objects now: 3836.
Total: 4.150100 ms (FindLiveObjects: 0.480400 ms CreateObjectMapping: 0.203100 ms MarkObjects: 3.442800 ms  DeleteObjects: 0.022300 ms)

========================================================================
Received Import Request.
  Time since last request: 262.733196 seconds.
  path: Assets/PixelOperator-Bold.ttf
  artifactKey: Guid(e0b6d24fd6e2bf34b9e2894d8ccb67aa) Importer(815301076,1909f56bfc062723c751e8b465ee728b)
Start importing Assets/PixelOperator-Bold.ttf using Guid(e0b6d24fd6e2bf34b9e2894d8ccb67aa) Importer(815301076,1909f56bfc062723c751e8b465ee728b)  -> (artifact id: '3d9a6322fba2ee15eab478937630708b') in 0.273703 seconds
  Import took 0.282553 seconds .

========================================================================
Received Import Request.
  Time since last request: 0.000403 seconds.
  path: Assets/PixelOperator.ttf
  artifactKey: Guid(6356453042578ff438f62ec73504eb55) Importer(815301076,1909f56bfc062723c751e8b465ee728b)
Start importing Assets/PixelOperator.ttf using Guid(6356453042578ff438f62ec73504eb55) Importer(815301076,1909f56bfc062723c751e8b465ee728b)  -> (artifact id: '27cd2dd8220d1db774ad0756cec47331') in 0.022070 seconds
  Import took 0.030820 seconds .

========================================================================
Received Prepare
Shader 'Universal Render Pipeline/Particles/Lit': fallback shader 'Universal Render Pipeline/Particles/SimpleLit' not found
Refreshing native plugins compatible for Editor in 11.52 ms, found 4 plugins.
Preloading 1 native plugins for Editor in 0.15 ms.
Unloading 13 Unused Serialized files (Serialized files now loaded: 0)
System memory in use before: 80.0 MB.
System memory in use after: 80.3 MB.

Unloading 12 unused Assets to reduce memory usage. Loaded Objects now: 3894.
Total: 5.876200 ms (FindLiveObjects: 0.488700 ms CreateObjectMapping: 0.225700 ms MarkObjects: 5.135000 ms  DeleteObjects: 0.024800 ms)

