Using pre-set license
Built from '2020.3/staging' branch; Version is '2020.3.6f1 (338bb68529b2) revision 3378102'; Using compiler version '192528614'; Build Type 'Release'
OS: 'Windows 10 Pro; OS build 19042.985; Version 2009; 64bit' Language: 'en' Physical Memory: 8126 MB
BatchMode: 1, IsHumanControllingUs: 0, StartBugReporterOnCrash: 0, Is64bit: 1, IsPro: 0

 COMMAND LINE ARGUMENTS:
C:\Program Files\Unity\Hub\Editor\2020.3.6f1\Editor\Unity.exe
-adb2
-batchMode
-noUpm
-name
AssetImportWorker3
-projectPath
C:/Users/coolg/Unity Projects/rotk
-logFile
Logs/AssetImportWorker3.log
-srvPort
49617
Successfully changed project path to: C:/Users/coolg/Unity Projects/rotk
C:/Users/coolg/Unity Projects/rotk
Using Asset Import Pipeline V2.
Refreshing native plugins compatible for Editor in 151.16 ms, found 4 plugins.
Preloading 1 native plugins for Editor in 6.54 ms.
Initialize engine version: 2020.3.6f1 (338bb68529b2)
[Subsystems] Discovering subsystems at path C:/Program Files/Unity/Hub/Editor/2020.3.6f1/Editor/Data/Resources/UnitySubsystems
[Subsystems] Discovering subsystems at path C:/Users/coolg/Unity Projects/rotk/Assets
GfxDevice: creating device client; threaded=0
Direct3D:
    Version:  Direct3D 11.0 [level 11.0]
    Renderer: NVIDIA GeForce GTX 750 (ID=0x1381)
    Vendor:   
    VRAM:     2007 MB
    Driver:   27.21.14.6627
Shader 'Universal Render Pipeline/Particles/Lit': fallback shader 'Universal Render Pipeline/Particles/SimpleLit' not found
Initialize mono
Mono path[0] = 'C:/Program Files/Unity/Hub/Editor/2020.3.6f1/Editor/Data/Managed'
Mono path[1] = 'C:/Program Files/Unity/Hub/Editor/2020.3.6f1/Editor/Data/MonoBleedingEdge/lib/mono/unityjit'
Mono config path = 'C:/Program Files/Unity/Hub/Editor/2020.3.6f1/Editor/Data/MonoBleedingEdge/etc'
Using monoOptions --debugger-agent=transport=dt_socket,embedding=1,server=y,suspend=n,address=127.0.0.1:56604
Begin MonoManager ReloadAssembly
Registering precompiled unity dll's ...
Register platform support module: C:/Program Files/Unity/Hub/Editor/2020.3.6f1/Editor/Data/PlaybackEngines/WebGLSupport/UnityEditor.WebGL.Extensions.dll
Register platform support module: C:/Program Files/Unity/Hub/Editor/2020.3.6f1/Editor/Data/PlaybackEngines/WindowsStandaloneSupport/UnityEditor.WindowsStandalone.Extensions.dll
Registered in 0.010941 seconds.
Native extension for WindowsStandalone target not found
Native extension for WebGL target not found
Refreshing native plugins compatible for Editor in 132.76 ms, found 4 plugins.
Preloading 1 native plugins for Editor in 0.21 ms.
Mono: successfully reloaded assembly
- Completed reload, in  6.404 seconds
Platform modules already initialized, skipping
Registering precompiled user dll's ...
Registered in 0.006896 seconds.
Begin MonoManager ReloadAssembly
Native extension for WindowsStandalone target not found
Native extension for WebGL target not found
Refreshing native plugins compatible for Editor in 129.12 ms, found 4 plugins.
Preloading 1 native plugins for Editor in 0.22 ms.
Mono: successfully reloaded assembly
- Completed reload, in  2.584 seconds
Platform modules already initialized, skipping
========================================================================
Worker process is ready to serve import requests
Shader 'Universal Render Pipeline/Particles/Lit': fallback shader 'Universal Render Pipeline/Particles/SimpleLit' not found
Launched and connected shader compiler UnityShaderCompiler.exe after 0.37 seconds
Refreshing native plugins compatible for Editor in 1.54 ms, found 4 plugins.
Preloading 1 native plugins for Editor in 0.24 ms.
Unloading 3256 Unused Serialized files (Serialized files now loaded: 0)
System memory in use before: 144.0 MB.
System memory in use after: 144.2 MB.

Unloading 26 unused Assets to reduce memory usage. Loaded Objects now: 3698.
Total: 9.511800 ms (FindLiveObjects: 0.435900 ms CreateObjectMapping: 0.202600 ms MarkObjects: 8.439400 ms  DeleteObjects: 0.431200 ms)

========================================================================
Received Import Request.
  path: Assets/_Scripts/ItemManager.cs
  artifactKey: Guid(a43a53fe20904a34898afb398230669d) Importer(815301076,1909f56bfc062723c751e8b465ee728b)
Start importing Assets/_Scripts/ItemManager.cs using Guid(a43a53fe20904a34898afb398230669d) Importer(815301076,1909f56bfc062723c751e8b465ee728b)  -> (artifact id: '92367e6ae176b32f60ebf05837b97e61') in 0.197574 seconds
  Import took 0.210270 seconds .

========================================================================
Received Prepare
Registering precompiled user dll's ...
Registered in 0.015071 seconds.
Begin MonoManager ReloadAssembly
Native extension for WindowsStandalone target not found
Native extension for WebGL target not found
Refreshing native plugins compatible for Editor in 0.96 ms, found 4 plugins.
Preloading 1 native plugins for Editor in 0.19 ms.
Mono: successfully reloaded assembly
- Completed reload, in  2.196 seconds
Platform modules already initialized, skipping
Switching build target platform(5) subTarget(0) extendedPlatform(0) -> platform(13) subTarget(537395200) extendedPlatform(0)
Shader 'Universal Render Pipeline/Particles/Lit': fallback shader 'Universal Render Pipeline/Particles/SimpleLit' not found
Refreshing native plugins compatible for Editor in 0.94 ms, found 4 plugins.
Preloading 1 native plugins for Editor in 0.17 ms.
Unloading 3126 Unused Serialized files (Serialized files now loaded: 0)
System memory in use before: 132.7 MB.
System memory in use after: 133.0 MB.

Unloading 16 unused Assets to reduce memory usage. Loaded Objects now: 3701.
Total: 4.150400 ms (FindLiveObjects: 0.448900 ms CreateObjectMapping: 0.201600 ms MarkObjects: 3.466100 ms  DeleteObjects: 0.032000 ms)

AssetImportParameters requested are different than current active one (requested -> active):
  custom:graphics/normal-map-encoding: 01000000000000000000000000000000 -> 02000000000000000000000000000000
========================================================================
Received Prepare
Shader 'Universal Render Pipeline/Particles/Lit': fallback shader 'Universal Render Pipeline/Particles/SimpleLit' not found
Refreshing native plugins compatible for Editor in 11.16 ms, found 4 plugins.
Preloading 1 native plugins for Editor in 0.19 ms.
Unloading 13 Unused Serialized files (Serialized files now loaded: 0)
System memory in use before: 71.8 MB.
System memory in use after: 72.0 MB.

Unloading 12 unused Assets to reduce memory usage. Loaded Objects now: 3701.
Total: 4.274800 ms (FindLiveObjects: 0.472400 ms CreateObjectMapping: 0.200400 ms MarkObjects: 3.572100 ms  DeleteObjects: 0.027400 ms)

========================================================================
Received Import Request.
  Time since last request: 149.122354 seconds.
  path: Assets/_Textures/Cursor.png
  artifactKey: Guid(6cef12f4f72d8854fa71ed6388e7506f) Importer(815301076,1909f56bfc062723c751e8b465ee728b)
Start importing Assets/_Textures/Cursor.png using Guid(6cef12f4f72d8854fa71ed6388e7506f) Importer(815301076,1909f56bfc062723c751e8b465ee728b)  -> (artifact id: '2112fc7e7dc4b7c539ea5a74ecaa49f4') in 0.643846 seconds
  Import took 0.653059 seconds .

========================================================================
Received Import Request.
  Time since last request: 0.000433 seconds.
  path: Assets/_Textures/levels.basic.png
  artifactKey: Guid(b09df67b547e7bd4a9fe03873456d3db) Importer(815301076,1909f56bfc062723c751e8b465ee728b)
Start importing Assets/_Textures/levels.basic.png using Guid(b09df67b547e7bd4a9fe03873456d3db) Importer(815301076,1909f56bfc062723c751e8b465ee728b)  -> (artifact id: 'adccf462e077310ea00d323c296bba38') in 0.309903 seconds
  Import took 0.317594 seconds .

========================================================================
Received Import Request.
  Time since last request: 0.000414 seconds.
  path: Assets/_Textures/star_2.png
  artifactKey: Guid(dff790057a7f3ce4daf20c582dadf4d2) Importer(815301076,1909f56bfc062723c751e8b465ee728b)
Start importing Assets/_Textures/star_2.png using Guid(dff790057a7f3ce4daf20c582dadf4d2) Importer(815301076,1909f56bfc062723c751e8b465ee728b)  -> (artifact id: '621071c35d4236904ae7f6069b97ed46') in 0.020764 seconds
  Import took 0.031024 seconds .

========================================================================
Received Import Request.
  Time since last request: 0.000523 seconds.
  path: Assets/_Textures/star_1.png
  artifactKey: Guid(32bdacfc129fad74da7b58ea1a7f4b74) Importer(815301076,1909f56bfc062723c751e8b465ee728b)
Start importing Assets/_Textures/star_1.png using Guid(32bdacfc129fad74da7b58ea1a7f4b74) Importer(815301076,1909f56bfc062723c751e8b465ee728b)  -> (artifact id: '618043d98b2b3a32e09156ed1d87fb27') in 0.021149 seconds
  Import took 0.030044 seconds .

========================================================================
Received Import Request.
  Time since last request: 0.000427 seconds.
  path: Assets/_Textures/TeenyTinyPixls-o2zo.ttf
  artifactKey: Guid(dccff93ddf255b74ab83f2ec01cd305e) Importer(815301076,1909f56bfc062723c751e8b465ee728b)
Start importing Assets/_Textures/TeenyTinyPixls-o2zo.ttf using Guid(dccff93ddf255b74ab83f2ec01cd305e) Importer(815301076,1909f56bfc062723c751e8b465ee728b)  -> (artifact id: '46e876d5b19dcb902d2fe16a5afafcb7') in 0.872805 seconds
  Import took 0.882309 seconds .

========================================================================
Received Import Request.
  Time since last request: 0.000468 seconds.
  path: Assets/_Textures/Products
  artifactKey: Guid(3d18d1805082d1241813443653e847da) Importer(815301076,1909f56bfc062723c751e8b465ee728b)
Start importing Assets/_Textures/Products using Guid(3d18d1805082d1241813443653e847da) Importer(815301076,1909f56bfc062723c751e8b465ee728b)  -> (artifact id: '7dbd25d3897f444256affe01cc77597f') in 0.009733 seconds
  Import took 0.019528 seconds .

========================================================================
Received Import Request.
  Time since last request: 0.000442 seconds.
  path: Assets/_Textures/emptyPortrait.png
  artifactKey: Guid(66acb31a99c88fc46a8ee2c5bd51832d) Importer(815301076,1909f56bfc062723c751e8b465ee728b)
Start importing Assets/_Textures/emptyPortrait.png using Guid(66acb31a99c88fc46a8ee2c5bd51832d) Importer(815301076,1909f56bfc062723c751e8b465ee728b)  -> (artifact id: '551a9d479a9970f7f3abc3d64403594a') in 0.023804 seconds
  Import took 0.032060 seconds .

========================================================================
Received Import Request.
  Time since last request: 0.000437 seconds.
  path: Assets/_Textures/star_0.png
  artifactKey: Guid(880c0d6630c77af4f8f6ffbcc532e1c7) Importer(815301076,1909f56bfc062723c751e8b465ee728b)
Start importing Assets/_Textures/star_0.png using Guid(880c0d6630c77af4f8f6ffbcc532e1c7) Importer(815301076,1909f56bfc062723c751e8b465ee728b)  -> (artifact id: '7a2753e2f67bbeff346ee9f9deed3377') in 0.018475 seconds
  Import took 0.026491 seconds .

========================================================================
Received Import Request.
  Time since last request: 5.193838 seconds.
  path: Assets/_Textures/Outdoors/levels.outside.png
  artifactKey: Guid(359c6bc54ca56da46817e25f594ade5a) Importer(815301076,1909f56bfc062723c751e8b465ee728b)
Start importing Assets/_Textures/Outdoors/levels.outside.png using Guid(359c6bc54ca56da46817e25f594ade5a) Importer(815301076,1909f56bfc062723c751e8b465ee728b)  -> (artifact id: '64b792d52443c394fb0050a597c46426') in 0.052799 seconds
  Import took 0.063012 seconds .

========================================================================
Received Import Request.
  Time since last request: 0.000391 seconds.
  path: Assets/_Textures/Outdoors/levels.outside.props.png
  artifactKey: Guid(30ee64d348ee10945bd3e5515c91e935) Importer(815301076,1909f56bfc062723c751e8b465ee728b)
Start importing Assets/_Textures/Outdoors/levels.outside.props.png using Guid(30ee64d348ee10945bd3e5515c91e935) Importer(815301076,1909f56bfc062723c751e8b465ee728b)  -> (artifact id: 'a4d0a741bf03ae65f49055088a50a6aa') in 0.086017 seconds
  Import took 0.094064 seconds .

========================================================================
Received Import Request.
  Time since last request: 13.938677 seconds.
  path: Assets/_Textures/Stone/levels.stone.png
  artifactKey: Guid(2d28cb2ffad7ca048bff1271faf61fae) Importer(815301076,1909f56bfc062723c751e8b465ee728b)
Start importing Assets/_Textures/Stone/levels.stone.png using Guid(2d28cb2ffad7ca048bff1271faf61fae) Importer(815301076,1909f56bfc062723c751e8b465ee728b)  -> (artifact id: 'aaff9f625cd85eaba8164f6e0bfaf3b2') in 0.058389 seconds
  Import took 0.067127 seconds .

========================================================================
Received Import Request.
  Time since last request: 228.834182 seconds.
  path: Assets/Plugins/Discord/x86/discord_game_sdk.dll
  artifactKey: Guid(89dc0e23682357e4ea4825d0f3476974) Importer(815301076,1909f56bfc062723c751e8b465ee728b)
Start importing Assets/Plugins/Discord/x86/discord_game_sdk.dll using Guid(89dc0e23682357e4ea4825d0f3476974) Importer(815301076,1909f56bfc062723c751e8b465ee728b)  -> (artifact id: 'c8e663cf1c8ea71fe1d90243741f2d9a') in 0.821418 seconds
  Import took 1.395487 seconds .

========================================================================
Received Import Request.
  Time since last request: 11.564924 seconds.
  path: Assets/Plugins/Discord/x86_64/discord_game_sdk.dll
  artifactKey: Guid(9bf299f4acb9fc74c86a6f2b03686181) Importer(815301076,1909f56bfc062723c751e8b465ee728b)
Start importing Assets/Plugins/Discord/x86_64/discord_game_sdk.dll using Guid(9bf299f4acb9fc74c86a6f2b03686181) Importer(815301076,1909f56bfc062723c751e8b465ee728b)  -> (artifact id: 'f682ed559c1c6ccb54dbf56c66d94db5') in 0.010542 seconds
  Import took 0.022025 seconds .

========================================================================
Received Prepare
Shader 'Universal Render Pipeline/Particles/Lit': fallback shader 'Universal Render Pipeline/Particles/SimpleLit' not found
Refreshing native plugins compatible for Editor in 383.70 ms, found 4 plugins.
Preloading 1 native plugins for Editor in 22.99 ms.
Unloading 13 Unused Serialized files (Serialized files now loaded: 0)
System memory in use before: 77.2 MB.
System memory in use after: 77.4 MB.

Unloading 12 unused Assets to reduce memory usage. Loaded Objects now: 3820.
Total: 18915.967000 ms (FindLiveObjects: 48.819700 ms CreateObjectMapping: 0.388800 ms MarkObjects: 18866.650700 ms  DeleteObjects: 0.102700 ms)

